<?xml version="1.0" encoding="UTF-8"?>
<!-- Generated by org.testng.reporters.JUnitXMLReporter -->
<testsuite ignored="0" hostname="Anujs-MacBook-Pro.local" failures="0" tests="6" name="Surefire test" time="78.508" errors="0" timestamp="2025-03-06T00:41:29 IST">
  <testcase classname="tests.YahooFinanceTest" name="testStockSearch" time="1.799"/>
  <testcase classname="tests.YahooFinanceTest" name="testStockSearch" time="2.036"/>
  <testcase classname="tests.YahooFinanceTest" name="testStockSearch" time="1.158"/>
  <testcase classname="tests.YahooFinanceTest" name="testStockSearch" time="20.415"/>
  <testcase classname="tests.YahooFinanceTest" name="testStockSearch" time="20.414"/>
  <testcase classname="tests.YahooFinanceTest" name="testStockSearch" time="20.438"/>
</testsuite> <!-- Surefire test -->
