<?xml version="1.0" encoding="UTF-8"?>
<testng-results ignored="0" total="6" passed="6" failed="0" skipped="0">
  <reporter-output>
  </reporter-output>
  <suite started-at="2025-03-06T00:40:10 IST" name="Surefire suite" finished-at="2025-03-06T00:41:29 IST" duration-ms="78508">
    <groups>
    </groups>
    <test started-at="2025-03-06T00:40:10 IST" name="Surefire test" finished-at="2025-03-06T00:41:29 IST" duration-ms="78508">
      <class name="tests.YahooFinanceTest">
        <test-method is-config="true" signature="setUp()[pri:0, instance:tests.YahooFinanceTest@15cafec7]" started-at="2025-03-06T00:40:10 IST" name="setUp" finished-at="2025-03-06T00:40:22 IST" duration-ms="11478" status="PASS">
          <reporter-output>
          </reporter-output>
        </test-method> <!-- setUp -->
        <test-method signature="testStockSearch(java.lang.String,java.lang.String,java.lang.Double)[pri:0, instance:tests.YahooFinanceTest@15cafec7]" started-at="2025-03-06T00:40:22 IST" name="testStockSearch" data-provider="stockDataProvider" finished-at="2025-03-06T00:40:24 IST" duration-ms="1799" status="PASS">
          <params>
            <param index="0">
              <value>
                <![CDATA[BABA]]>
              </value>
            </param>
            <param index="1">
              <value>
                <![CDATA[Alibaba]]>
              </value>
            </param>
            <param index="2">
              <value>
                <![CDATA[130.0]]>
              </value>
            </param>
          </params>
          <reporter-output>
          </reporter-output>
        </test-method> <!-- testStockSearch -->
        <test-method signature="testStockSearch(java.lang.String,java.lang.String,java.lang.Double)[pri:0, instance:tests.YahooFinanceTest@15cafec7]" started-at="2025-03-06T00:40:24 IST" name="testStockSearch" data-provider="stockDataProvider" finished-at="2025-03-06T00:40:26 IST" duration-ms="2036" status="PASS">
          <params>
            <param index="0">
              <value>
                <![CDATA[TSLA]]>
              </value>
            </param>
            <param index="1">
              <value>
                <![CDATA[Tesla]]>
              </value>
            </param>
            <param index="2">
              <value>
                <![CDATA[200.0]]>
              </value>
            </param>
          </params>
          <reporter-output>
          </reporter-output>
        </test-method> <!-- testStockSearch -->
        <test-method signature="testStockSearch(java.lang.String,java.lang.String,java.lang.Double)[pri:0, instance:tests.YahooFinanceTest@15cafec7]" started-at="2025-03-06T00:40:26 IST" name="testStockSearch" data-provider="stockDataProvider" finished-at="2025-03-06T00:40:27 IST" duration-ms="1158" status="PASS">
          <params>
            <param index="0">
              <value>
                <![CDATA[DELL]]>
              </value>
            </param>
            <param index="1">
              <value>
                <![CDATA[Dell]]>
              </value>
            </param>
            <param index="2">
              <value>
                <![CDATA[70.0]]>
              </value>
            </param>
          </params>
          <reporter-output>
          </reporter-output>
        </test-method> <!-- testStockSearch -->
        <test-method signature="testStockSearch(java.lang.String,java.lang.String,java.lang.Double)[pri:0, instance:tests.YahooFinanceTest@15cafec7]" started-at="2025-03-06T00:40:27 IST" name="testStockSearch" data-provider="stockDataProvider" finished-at="2025-03-06T00:40:47 IST" duration-ms="20415" status="PASS">
          <params>
            <param index="0">
              <value>
                <![CDATA[XYZ123]]>
              </value>
            </param>
            <param index="1">
              <value is-null="true"/>
            </param>
            <param index="2">
              <value is-null="true"/>
            </param>
          </params>
          <reporter-output>
          </reporter-output>
        </test-method> <!-- testStockSearch -->
        <test-method signature="testStockSearch(java.lang.String,java.lang.String,java.lang.Double)[pri:0, instance:tests.YahooFinanceTest@15cafec7]" started-at="2025-03-06T00:40:47 IST" name="testStockSearch" data-provider="stockDataProvider" finished-at="2025-03-06T00:41:08 IST" duration-ms="20414" status="PASS">
          <params>
            <param index="0">
              <value>
                <![CDATA[@#%$!]]>
              </value>
            </param>
            <param index="1">
              <value is-null="true"/>
            </param>
            <param index="2">
              <value is-null="true"/>
            </param>
          </params>
          <reporter-output>
          </reporter-output>
        </test-method> <!-- testStockSearch -->
        <test-method signature="testStockSearch(java.lang.String,java.lang.String,java.lang.Double)[pri:0, instance:tests.YahooFinanceTest@15cafec7]" started-at="2025-03-06T00:41:08 IST" name="testStockSearch" data-provider="stockDataProvider" finished-at="2025-03-06T00:41:28 IST" duration-ms="20438" status="PASS">
          <params>
            <param index="0">
              <value>
                <![CDATA[ ]]>
              </value>
            </param>
            <param index="1">
              <value is-null="true"/>
            </param>
            <param index="2">
              <value is-null="true"/>
            </param>
          </params>
          <reporter-output>
          </reporter-output>
        </test-method> <!-- testStockSearch -->
        <test-method is-config="true" signature="tearDown()[pri:0, instance:tests.YahooFinanceTest@15cafec7]" started-at="2025-03-06T00:41:28 IST" name="tearDown" finished-at="2025-03-06T00:41:29 IST" duration-ms="700" status="PASS">
          <reporter-output>
          </reporter-output>
        </test-method> <!-- tearDown -->
      </class> <!-- tests.YahooFinanceTest -->
    </test> <!-- Surefire test -->
  </suite> <!-- Surefire suite -->
</testng-results>
