<?xml version="1.0" encoding="UTF-8"?>
<testsuite xmlns:xsi="http://www.w3.org/2001/XMLSchema-instance" xsi:noNamespaceSchemaLocation="https://maven.apache.org/surefire/maven-surefire-plugin/xsd/surefire-test-report-3.0.xsd" version="3.0" name="tests.YahooFinanceTest" time="78.97" tests="6" errors="0" skipped="0" failures="0">
  <properties>
[...]
</properties>
  <testcase name="testStockSearch[BABA, Alibaba, 130.0](1)" classname="tests.YahooFinanceTest" time="1.826">
    <system-out><![CDATA[2025-03-06 00:40:10 [main] INFO  base.BaseTest - Initializing WebDriver...
2025-03-06 00:40:22 [main] INFO  base.BaseTest - Navigated to: https://finance.yahoo.com/
2025-03-06 00:40:22 [main] INFO  pages.YahooFinanceHomePage - Entered stock symbol: BABA
2025-03-06 00:40:22 [main] INFO  pages.YahooFinanceHomePage - Auto-suggest dropdown displayed: true
2025-03-06 00:40:22 [main] INFO  base.BaseTest - Auto-suggest appeared for: BABA
2025-03-06 00:40:22 [main] INFO  pages.YahooFinanceHomePage - Auto-suggest verification for 'Alibaba': true
2025-03-06 00:40:23 [main] INFO  pages.YahooFinanceHomePage - Clicked on first suggested stock.
2025-03-06 00:40:23 [main] INFO  pages.YahooFinanceStockPage - Stock Price Retrieved: $140.42
2025-03-06 00:40:23 [main] INFO  base.BaseTest - Stock Price Verified: 140.42
2025-03-06 00:40:23 [main] INFO  pages.YahooFinanceStockPage - Previous Close Price Retrieved: $129.85
2025-03-06 00:40:23 [main] INFO  base.BaseTest - Previous Close: 129.85
2025-03-06 00:40:24 [main] INFO  pages.YahooFinanceStockPage - Stock Volume Retrieved: 27,682,064
2025-03-06 00:40:24 [main] INFO  base.BaseTest - Volume: 27,682,064
]]></system-out>
    <system-err><![CDATA[SLF4J(W): No SLF4J providers were found.
SLF4J(W): Defaulting to no-operation (NOP) logger implementation
SLF4J(W): See https://www.slf4j.org/codes.html#noProviders for further details.
]]></system-err>
  </testcase>
  <testcase name="testStockSearch[TSLA, Tesla, 200.0](2)" classname="tests.YahooFinanceTest" time="2.036">
    <system-out><![CDATA[2025-03-06 00:40:24 [main] INFO  pages.YahooFinanceHomePage - Entered stock symbol: TSLA
2025-03-06 00:40:24 [main] INFO  pages.YahooFinanceHomePage - Auto-suggest dropdown displayed: true
2025-03-06 00:40:24 [main] INFO  base.BaseTest - Auto-suggest appeared for: TSLA
2025-03-06 00:40:24 [main] INFO  pages.YahooFinanceHomePage - Auto-suggest verification for 'Tesla': true
2025-03-06 00:40:26 [main] INFO  pages.YahooFinanceHomePage - Clicked on first suggested stock.
2025-03-06 00:40:26 [main] INFO  pages.YahooFinanceStockPage - Stock Price Retrieved: $277.31
2025-03-06 00:40:26 [main] INFO  base.BaseTest - Stock Price Verified: 277.31
2025-03-06 00:40:26 [main] INFO  pages.YahooFinanceStockPage - Previous Close Price Retrieved: $272.04
2025-03-06 00:40:26 [main] INFO  base.BaseTest - Previous Close: 272.04
2025-03-06 00:40:26 [main] INFO  pages.YahooFinanceStockPage - Stock Volume Retrieved: 68,747,257
2025-03-06 00:40:26 [main] INFO  base.BaseTest - Volume: 68,747,257
]]></system-out>
  </testcase>
  <testcase name="testStockSearch[DELL, Dell, 70.0](3)" classname="tests.YahooFinanceTest" time="1.16">
    <system-out><![CDATA[2025-03-06 00:40:26 [main] INFO  pages.YahooFinanceHomePage - Entered stock symbol: DELL
2025-03-06 00:40:26 [main] INFO  pages.YahooFinanceHomePage - Auto-suggest dropdown displayed: true
2025-03-06 00:40:26 [main] INFO  base.BaseTest - Auto-suggest appeared for: DELL
2025-03-06 00:40:26 [main] INFO  pages.YahooFinanceHomePage - Auto-suggest verification for 'Dell': true
2025-03-06 00:40:27 [main] INFO  pages.YahooFinanceHomePage - Clicked on first suggested stock.
2025-03-06 00:40:27 [main] INFO  pages.YahooFinanceStockPage - Stock Price Retrieved: $277.31
2025-03-06 00:40:27 [main] INFO  base.BaseTest - Stock Price Verified: 277.31
2025-03-06 00:40:27 [main] INFO  pages.YahooFinanceStockPage - Previous Close Price Retrieved: $272.04
2025-03-06 00:40:27 [main] INFO  base.BaseTest - Previous Close: 272.04
2025-03-06 00:40:27 [main] INFO  pages.YahooFinanceStockPage - Stock Volume Retrieved: 68,747,257
2025-03-06 00:40:27 [main] INFO  base.BaseTest - Volume: 68,747,257
]]></system-out>
  </testcase>
  <testcase name="testStockSearch[XYZ123, null, null](4)" classname="tests.YahooFinanceTest" time="20.419">
    <system-out><![CDATA[2025-03-06 00:40:27 [main] INFO  pages.YahooFinanceHomePage - Entered stock symbol: XYZ123
2025-03-06 00:40:37 [main] WARN  pages.YahooFinanceHomePage - Auto-suggest dropdown did not appear.
2025-03-06 00:40:47 [main] INFO  pages.YahooFinanceHomePage - No suggestion message NOT found & stock does not exist.
2025-03-06 00:40:47 [main] INFO  pages.YahooFinanceStockPage - Previous Close Price Retrieved: $94.07
2025-03-06 00:40:47 [main] INFO  base.BaseTest - Previous Close: 94.07
2025-03-06 00:40:47 [main] INFO  pages.YahooFinanceStockPage - Stock Volume Retrieved: 3,723,180
2025-03-06 00:40:47 [main] INFO  base.BaseTest - Volume: 3,723,180
]]></system-out>
  </testcase>
  <testcase name="testStockSearch[@#%$!, null, null](5)" classname="tests.YahooFinanceTest" time="20.415">
    <system-out><![CDATA[2025-03-06 00:40:47 [main] INFO  pages.YahooFinanceHomePage - Entered stock symbol: @#%$!
2025-03-06 00:40:57 [main] WARN  pages.YahooFinanceHomePage - Auto-suggest dropdown did not appear.
2025-03-06 00:41:08 [main] INFO  pages.YahooFinanceHomePage - No suggestion message NOT found & stock does not exist.
2025-03-06 00:41:08 [main] INFO  pages.YahooFinanceStockPage - Previous Close Price Retrieved: $94.07
2025-03-06 00:41:08 [main] INFO  base.BaseTest - Previous Close: 94.07
2025-03-06 00:41:08 [main] INFO  pages.YahooFinanceStockPage - Stock Volume Retrieved: 3,723,180
2025-03-06 00:41:08 [main] INFO  base.BaseTest - Volume: 3,723,180
]]></system-out>
  </testcase>
  <testcase name="testStockSearch[ , null, null](6)" classname="tests.YahooFinanceTest" time="20.441">
    <system-out><![CDATA[2025-03-06 00:41:08 [main] INFO  pages.YahooFinanceHomePage - Entered stock symbol:  
2025-03-06 00:41:18 [main] WARN  pages.YahooFinanceHomePage - Auto-suggest dropdown did not appear.
2025-03-06 00:41:28 [main] INFO  pages.YahooFinanceHomePage - No suggestion message NOT found & stock does not exist.
2025-03-06 00:41:28 [main] INFO  pages.YahooFinanceStockPage - Previous Close Price Retrieved: $94.07
2025-03-06 00:41:28 [main] INFO  base.BaseTest - Previous Close: 94.07
2025-03-06 00:41:28 [main] INFO  pages.YahooFinanceStockPage - Stock Volume Retrieved: 3,723,180
2025-03-06 00:41:28 [main] INFO  base.BaseTest - Volume: 3,723,180
]]></system-out>
  </testcase>
</testsuite>